<?xml version="1.0" encoding="UTF-8"?>
<!-- Generated by org.testng.reporters.JUnitXMLReporter -->
<testsuite ignored="0" hostname="DESKTOP-H00HIU0" failures="1" tests="1" name="Default test" time="3.482" errors="0" timestamp="2025-08-16T15:36:17 IST">
  <testcase classname="io.cucumber.testng.AbstractTestNGCucumberTests" name="runScenario" time="2.032">
    <failure type="java.lang.IllegalArgumentException" message="No enum constant testdata.GetEndPoint.login">
      <![CDATA[java.lang.IllegalArgumentException: No enum constant testdata.GetEndPoint.login
at java.base/java.lang.Enum.valueOf(Enum.java:274)
at testdata.GetEndPoint.valueOf(GetEndPoint.java:1)
at methods.Ecom_Login.callLoginAPI(Ecom_Login.java:50)
at stepdefinations.stepDefination.the_user_calls_the_api_with_a_post_http_request(stepDefination.java:20)
at ✽.the user calls the "login" API with a POST HTTP request(file:///C:/Users/Admin/git/repository/CucumberRestAssuredFramework/src/test/java/features/ecom_test.feature:7)
]]>
    </failure>
  </testcase> <!-- runScenario -->
</testsuite> <!-- Default test -->
