<?xml version="1.0" encoding="UTF-8"?>
<testng-results ignored="0" total="1" passed="0" failed="1" skipped="0">
  <reporter-output>
  </reporter-output>
  <suite started-at="2025-08-16T15:36:13 IST" name="Default suite" finished-at="2025-08-16T15:36:17 IST" duration-ms="3482">
    <groups>
      <group name="cucumber">
        <method signature="AbstractTestNGCucumberTests.runScenario(io.cucumber.testng.PickleWrapper, io.cucumber.testng.FeatureWrapper)[pri:0, instance:cucumber.Options.TestRunner@35047d03]" name="runScenario" class="io.cucumber.testng.AbstractTestNGCucumberTests"/>
      </group> <!-- cucumber -->
    </groups>
    <test started-at="2025-08-16T15:36:13 IST" name="Default test" finished-at="2025-08-16T15:36:17 IST" duration-ms="3482">
      <class name="cucumber.Options.TestRunner">
        <test-method is-config="true" signature="setUpClass(org.testng.ITestContext)[pri:0, instance:cucumber.Options.TestRunner@35047d03]" started-at="2025-08-16T15:36:13 IST" name="setUpClass" finished-at="2025-08-16T15:36:14 IST" duration-ms="1240" status="PASS">
          <params>
            <param index="0">
              <value>
                <![CDATA[org.testng.TestRunner@4b5a078a]]>
              </value>
            </param>
          </params>
          <reporter-output>
          </reporter-output>
        </test-method> <!-- setUpClass -->
        <test-method signature="runScenario(io.cucumber.testng.PickleWrapper, io.cucumber.testng.FeatureWrapper)[pri:0, instance:cucumber.Options.TestRunner@35047d03]" started-at="2025-08-16T15:36:14 IST" name="runScenario" description="Runs Cucumber Scenarios" data-provider="scenarios" finished-at="2025-08-16T15:36:16 IST" duration-ms="2032" status="FAIL">
          <params>
            <param index="0">
              <value>
                <![CDATA["Verify successful login into the application"]]>
              </value>
            </param>
            <param index="1">
              <value>
                <![CDATA["Test E-commerce Site Functionality"]]>
              </value>
            </param>
          </params>
          <exception class="java.lang.IllegalArgumentException">
            <message>
              <![CDATA[No enum constant testdata.GetEndPoint.login]]>
            </message>
            <full-stacktrace>
              <![CDATA[java.lang.IllegalArgumentException: No enum constant testdata.GetEndPoint.login
at java.base/java.lang.Enum.valueOf(Enum.java:274)
at testdata.GetEndPoint.valueOf(GetEndPoint.java:1)
at methods.Ecom_Login.callLoginAPI(Ecom_Login.java:50)
at stepdefinations.stepDefination.the_user_calls_the_api_with_a_post_http_request(stepDefination.java:20)
at ✽.the user calls the "login" API with a POST HTTP request(file:///C:/Users/Admin/git/repository/CucumberRestAssuredFramework/src/test/java/features/ecom_test.feature:7)
]]>
            </full-stacktrace>
          </exception> <!-- java.lang.IllegalArgumentException -->
          <reporter-output>
          </reporter-output>
        </test-method> <!-- runScenario -->
        <test-method is-config="true" signature="tearDownClass()[pri:0, instance:cucumber.Options.TestRunner@35047d03]" started-at="2025-08-16T15:36:16 IST" name="tearDownClass" finished-at="2025-08-16T15:36:17 IST" duration-ms="112" status="PASS">
          <reporter-output>
          </reporter-output>
        </test-method> <!-- tearDownClass -->
      </class> <!-- cucumber.Options.TestRunner -->
    </test> <!-- Default test -->
  </suite> <!-- Default suite -->
</testng-results>
