<?xml version="1.0" encoding="UTF-8"?>
<testng-results ignored="0" total="3" passed="3" failed="0" skipped="0">
  <reporter-output>
  </reporter-output>
  <suite started-at="2025-08-30T16:26:17 IST" name="Cucumber Test Suite" finished-at="2025-08-30T16:26:23 IST" duration-ms="6201">
    <groups>
      <group name="cucumber">
        <method signature="AbstractTestNGCucumberTests.runScenario(io.cucumber.testng.PickleWrapper, io.cucumber.testng.FeatureWrapper)[pri:0, instance:cucumber.Options.TestRunner@769f71a9]" name="runScenario" class="io.cucumber.testng.AbstractTestNGCucumberTests"/>
      </group> <!-- cucumber -->
    </groups>
    <test started-at="2025-08-30T16:26:17 IST" name="Cucumber API Tests" finished-at="2025-08-30T16:26:23 IST" duration-ms="6201">
      <class name="cucumber.Options.TestRunner">
        <test-method is-config="true" signature="setUpClass(org.testng.ITestContext)[pri:0, instance:cucumber.Options.TestRunner@769f71a9]" started-at="2025-08-30T16:26:17 IST" name="setUpClass" finished-at="2025-08-30T16:26:18 IST" duration-ms="1012" status="PASS">
          <params>
            <param index="0">
              <value>
                <![CDATA[org.testng.TestRunner@5c8b10b4]]>
              </value>
            </param>
          </params>
          <reporter-output>
          </reporter-output>
        </test-method> <!-- setUpClass -->
        <test-method signature="runScenario(io.cucumber.testng.PickleWrapper, io.cucumber.testng.FeatureWrapper)[pri:0, instance:cucumber.Options.TestRunner@769f71a9]" started-at="2025-08-30T16:26:18 IST" name="runScenario" description="Runs Cucumber Scenarios" data-provider="scenarios" finished-at="2025-08-30T16:26:23 IST" duration-ms="4397" status="PASS">
          <params>
            <param index="0">
              <value>
                <![CDATA["Login into application"]]>
              </value>
            </param>
            <param index="1">
              <value>
                <![CDATA["Test E-commerce Site Functionality"]]>
              </value>
            </param>
          </params>
          <reporter-output>
          </reporter-output>
        </test-method> <!-- runScenario -->
        <test-method signature="runScenario(io.cucumber.testng.PickleWrapper, io.cucumber.testng.FeatureWrapper)[pri:0, instance:cucumber.Options.TestRunner@769f71a9]" started-at="2025-08-30T16:26:23 IST" name="runScenario" description="Runs Cucumber Scenarios" data-provider="scenarios" finished-at="2025-08-30T16:26:23 IST" duration-ms="476" status="PASS">
          <params>
            <param index="0">
              <value>
                <![CDATA["Place Product after success Login"]]>
              </value>
            </param>
            <param index="1">
              <value>
                <![CDATA["Test E-commerce Site Functionality"]]>
              </value>
            </param>
          </params>
          <reporter-output>
          </reporter-output>
        </test-method> <!-- runScenario -->
        <test-method signature="runScenario(io.cucumber.testng.PickleWrapper, io.cucumber.testng.FeatureWrapper)[pri:0, instance:cucumber.Options.TestRunner@769f71a9]" started-at="2025-08-30T16:26:23 IST" name="runScenario" description="Runs Cucumber Scenarios" data-provider="scenarios" finished-at="2025-08-30T16:26:23 IST" duration-ms="159" status="PASS">
          <params>
            <param index="0">
              <value>
                <![CDATA["Place Order after placing product"]]>
              </value>
            </param>
            <param index="1">
              <value>
                <![CDATA["Test E-commerce Site Functionality"]]>
              </value>
            </param>
          </params>
          <reporter-output>
          </reporter-output>
        </test-method> <!-- runScenario -->
        <test-method is-config="true" signature="tearDownClass()[pri:0, instance:cucumber.Options.TestRunner@769f71a9]" started-at="2025-08-30T16:26:23 IST" name="tearDownClass" finished-at="2025-08-30T16:26:23 IST" duration-ms="78" status="PASS">
          <reporter-output>
          </reporter-output>
        </test-method> <!-- tearDownClass -->
      </class> <!-- cucumber.Options.TestRunner -->
    </test> <!-- Cucumber API Tests -->
  </suite> <!-- Cucumber Test Suite -->
</testng-results>
