<?xml version="1.0" encoding="UTF-8"?>
<!-- Generated by org.testng.reporters.JUnitReportReporter -->
<testsuite hostname="DESKTOP-H00HIU0" failures="0" tests="1" name="cucumber.Options.TestRunner" time="2.032" errors="1" timestamp="2025-08-16T15:36:17 IST" skipped="0">
  <testcase classname="cucumber.Options.TestRunner" name="runScenario" time="2.032">
    <error message="No enum constant testdata.GetEndPoint.login" type="java.lang.IllegalArgumentException">
      <![CDATA[java.lang.IllegalArgumentException: No enum constant testdata.GetEndPoint.login
at java.base/java.lang.Enum.valueOf(Enum.java:274)
at testdata.GetEndPoint.valueOf(GetEndPoint.java:1)
at methods.Ecom_Login.callLoginAPI(Ecom_Login.java:50)
at stepdefinations.stepDefination.the_user_calls_the_api_with_a_post_http_request(stepDefination.java:20)
at ✽.the user calls the "login" API with a POST HTTP request(file:///C:/Users/Admin/git/repository/CucumberRestAssuredFramework/src/test/java/features/ecom_test.feature:7)
]]>
    </error>
  </testcase> <!-- runScenario -->
</testsuite> <!-- cucumber.Options.TestRunner -->
