<?xml version="1.0" encoding="UTF-8"?>
<!-- Generated by org.testng.reporters.JUnitXMLReporter -->
<testsuite ignored="0" hostname="DESKTOP-H00HIU0" failures="1" tests="1" name="Cucumber API Tests" time="1.705" errors="0" timestamp="2025-08-16T12:46:12 IST">
  <testcase classname="io.cucumber.testng.AbstractTestNGCucumberTests" name="runScenario" time="0.3">
    <failure type="io.cucumber.testng.UndefinedStepException" message="The step &amp;apos;I prepare a login payload with credentials &amp;quot;apitestpractise@yopmail.com&amp;quot; and &amp;quot;Change@2k19&amp;quot;&amp;apos; and 3 other step(s) are undefined.
You can implement these steps using the snippet(s) below:

@Given(&amp;quot;I prepare a login payload with credentials {string} and {string}&amp;quot;)
public void i_prepare_a_login_payload_with_credentials_and(String string, String string2) {
    // Write code here that turns the phrase above into concrete actions
    throw new io.cucumber.java.PendingException();
}
@When(&amp;quot;the user calls the {string} API with a POST HTTP request&amp;quot;)
public void the_user_calls_the_api_with_a_post_http_request(String string) {
    // Write code here that turns the phrase above into concrete actions
    throw new io.cucumber.java.PendingException();
}
@Then(&amp;quot;the response {string} should be {string}&amp;quot;)
public void the_response_should_be(String string, String string2) {
    // Write code here that turns the phrase above into concrete actions
    throw new io.cucumber.java.PendingException();
}
">
      <![CDATA[io.cucumber.testng.UndefinedStepException: The step 'I prepare a login payload with credentials "apitestpractise@yopmail.com" and "Change@2k19"' and 3 other step(s) are undefined.
You can implement these steps using the snippet(s) below:

@Given("I prepare a login payload with credentials {string} and {string}")
public void i_prepare_a_login_payload_with_credentials_and(String string, String string2) {
    // Write code here that turns the phrase above into concrete actions
    throw new io.cucumber.java.PendingException();
}
@When("the user calls the {string} API with a POST HTTP request")
public void the_user_calls_the_api_with_a_post_http_request(String string) {
    // Write code here that turns the phrase above into concrete actions
    throw new io.cucumber.java.PendingException();
}
@Then("the response {string} should be {string}")
public void the_response_should_be(String string, String string2) {
    // Write code here that turns the phrase above into concrete actions
    throw new io.cucumber.java.PendingException();
}

at ✽.I prepare a login payload with credentials "apitestpractise@yopmail.com" and "Change@2k19"(file:///C:/Users/Admin/git/repository/CucumberRestAssuredFramework/src/test/java/features/ecom_test.feature:6)
]]>
    </failure>
  </testcase> <!-- runScenario -->
</testsuite> <!-- Cucumber API Tests -->
